<?xml version="1.0" encoding="UTF-8"?>
<!-- Generated by org.testng.reporters.JUnitReportReporter -->
<testsuite hostname="DESKTOP-NOODAFN" failures="0" tests="4" name="TestNgParallelClasses.ParallelTestExicutionClass1" time="0.030" errors="0" timestamp="2022-03-16T10:57:35 IST" skipped="0">
  <testcase classname="TestNgParallelClasses.ParallelTestExicutionClass1" name="TestCase1" time="0.020"/>
  <system-out/>
  <testcase classname="TestNgParallelClasses.ParallelTestExicutionClass1" name="TestCase2" time="0.004"/>
  <system-out/>
  <testcase classname="TestNgParallelClasses.ParallelTestExicutionClass1" name="TestCase3" time="0.003"/>
  <system-out/>
  <testcase classname="TestNgParallelClasses.ParallelTestExicutionClass1" name="TestCase4" time="0.003"/>
  <system-out/>
</testsuite> <!-- TestNgParallelClasses.ParallelTestExicutionClass1 -->
