<?xml version="1.0" encoding="UTF-8"?>
<!-- Generated by org.testng.reporters.JUnitReportReporter -->
<testsuite hostname="DESKTOP-NOODAFN" failures="0" tests="1" name="BeforeTest.Demo3" time="0.002" errors="0" timestamp="2022-03-15T16:01:10 IST" skipped="0">
  <testcase classname="BeforeTest.Demo3" name="verifyTitle" time="0.002"/>
  <system-out/>
</testsuite> <!-- BeforeTest.Demo3 -->
