<?xml version="1.0" encoding="UTF-8"?>
<!-- Generated by org.testng.reporters.JUnitReportReporter -->
<testsuite hostname="DESKTOP-NOODAFN" failures="0" tests="1" name="TNG.Amoll" time="0.031" errors="0" timestamp="2022-03-11T18:01:01 IST" skipped="0">
  <testcase classname="TNG.Amoll" name="abc" time="0.031"/>
  <system-out/>
</testsuite> <!-- TNG.Amoll -->
