<?xml version="1.0" encoding="UTF-8"?>
<!-- Generated by org.testng.reporters.JUnitReportReporter -->
<testsuite hostname="DESKTOP-NOODAFN" failures="0" tests="3" name="TestNG.NewTestNG" time="0.024" errors="0" timestamp="2022-03-10T13:10:21 IST" skipped="0">
  <testcase classname="TestNG.NewTestNG" name="xyz" time="0.020"/>
  <system-out/>
  <testcase classname="TestNG.NewTestNG" name="pqr" time="0.002"/>
  <system-out/>
  <testcase classname="TestNG.NewTestNG" name="abc" time="0.002"/>
  <system-out/>
</testsuite> <!-- TestNG.NewTestNG -->
