<?xml version="1.0" encoding="UTF-8"?>
<!-- Generated by org.testng.reporters.JUnitReportReporter -->
<testsuite hostname="DESKTOP-NOODAFN" failures="0" tests="3" name="BeforeTest.Demo1" time="0.024" errors="0" timestamp="2022-03-15T16:01:10 IST" skipped="0">
  <testcase classname="BeforeTest.Demo1" name="addProduct" time="0.012"/>
  <system-out/>
  <testcase classname="BeforeTest.Demo1" name="addCurrency" time="0.007"/>
  <system-out/>
  <testcase classname="BeforeTest.Demo1" name="addVendar" time="0.005"/>
  <system-out/>
</testsuite> <!-- BeforeTest.Demo1 -->
