<?xml version="1.0" encoding="UTF-8"?>
<!-- Generated by org.testng.reporters.JUnitReportReporter -->
<testsuite hostname="DESKTOP-NOODAFN" failures="0" tests="2" name="DataProvider.DataProviderReal" time="11.187" errors="0" timestamp="2022-03-22T16:06:13 IST" skipped="0">
  <testcase classname="DataProvider.DataProviderReal" name="login" time="5.035"/>
  <system-out/>
  <testcase classname="DataProvider.DataProviderReal" name="login" time="6.152"/>
  <system-out/>
</testsuite> <!-- DataProvider.DataProviderReal -->
