<?xml version="1.0" encoding="UTF-8"?>
<!-- Generated by org.testng.reporters.JUnitReportReporter -->
<testsuite hostname="DESKTOP-NOODAFN" failures="0" tests="3" name="TestNG.BeforeClassAftreClass" time="0.016" errors="0" timestamp="2022-03-14T14:47:37 IST" skipped="0">
  <testcase classname="TestNG.BeforeClassAftreClass" name="addProduct" time="0.012"/>
  <system-out/>
  <testcase classname="TestNG.BeforeClassAftreClass" name="addCurrency" time="0.002"/>
  <system-out/>
  <testcase classname="TestNG.BeforeClassAftreClass" name="addVendar" time="0.002"/>
  <system-out/>
</testsuite> <!-- TestNG.BeforeClassAftreClass -->
