<?xml version="1.0" encoding="UTF-8"?>
<!-- Generated by org.testng.reporters.JUnitReportReporter -->
<testsuite hostname="DESKTOP-NOODAFN" failures="0" tests="3" name="TestNgType.timeOut" time="0.035" errors="0" timestamp="2022-03-16T11:14:03 IST" skipped="0">
  <testcase classname="TestNgType.timeOut" name="case2" time="0.014"/>
  <system-out/>
  <testcase classname="TestNgType.timeOut" name="case3" time="0.003"/>
  <system-out/>
  <testcase classname="TestNgType.timeOut" name="case1" time="0.018"/>
  <system-out/>
</testsuite> <!-- TestNgType.timeOut -->
