<?xml version="1.0" encoding="UTF-8"?>
<!-- Generated by org.testng.reporters.JUnitReportReporter -->
<testsuite hostname="DESKTOP-NOODAFN" failures="0" tests="5" name="TestNG_All.TestNG_Grouping" time="0.029" errors="0" timestamp="2022-03-15T16:29:18 IST" skipped="0">
  <testcase classname="TestNG_All.TestNG_Grouping" name="Login" time="0.019"/>
  <system-out/>
  <testcase classname="TestNG_All.TestNG_Grouping" name="AddVendar" time="0.003"/>
  <system-out/>
  <testcase classname="TestNG_All.TestNG_Grouping" name="PrepaidRecharge" time="0.003"/>
  <system-out/>
  <testcase classname="TestNG_All.TestNG_Grouping" name="billPayment" time="0.002"/>
  <system-out/>
  <testcase classname="TestNG_All.TestNG_Grouping" name="logout" time="0.002"/>
  <system-out/>
</testsuite> <!-- TestNG_All.TestNG_Grouping -->
