<?xml version="1.0" encoding="UTF-8"?>
<!-- Generated by org.testng.reporters.JUnitReportReporter -->
<testsuite hostname="DESKTOP-NOODAFN" failures="0" tests="3" name="TestNgType.enabledFalse" time="0.023" errors="0" timestamp="2022-03-16T11:06:53 IST" skipped="1">
  <testcase classname="TestNgType.enabledFalse" name="case3" time="0.003"/>
  <system-out/>
  <testcase classname="TestNgType.enabledFalse" name="case1" time="0.020"/>
  <system-out/>
  <testcase classname="TestNgType.enabledFalse" name="case2">
    <skipped/>
  </testcase> <!-- case2 -->
  <system-out/>
</testsuite> <!-- TestNgType.enabledFalse -->
