<?xml version="1.0" encoding="UTF-8"?>
<!-- Generated by org.testng.reporters.JUnitReportReporter -->
<testsuite hostname="DESKTOP-NOODAFN" failures="0" tests="4" name="TestNG_All.ParallelTestExicutionMethod" time="0.088" errors="0" timestamp="2022-03-16T10:44:07 IST" skipped="0">
  <testcase classname="TestNG_All.ParallelTestExicutionMethod" name="TestCase1" time="0.022"/>
  <system-out/>
  <testcase classname="TestNG_All.ParallelTestExicutionMethod" name="TestCase2" time="0.022"/>
  <system-out/>
  <testcase classname="TestNG_All.ParallelTestExicutionMethod" name="TestCase3" time="0.021"/>
  <system-out/>
  <testcase classname="TestNG_All.ParallelTestExicutionMethod" name="TestCase4" time="0.023"/>
  <system-out/>
</testsuite> <!-- TestNG_All.ParallelTestExicutionMethod -->
