<?xml version="1.0" encoding="UTF-8"?>
<!-- Generated by org.testng.reporters.JUnitReportReporter -->
<testsuite hostname="DESKTOP-NOODAFN" failures="0" tests="4" name="TestNgParallelClasses.ParallelTestExicutionClass2" time="0.028" errors="0" timestamp="2022-03-16T10:57:35 IST" skipped="0">
  <testcase classname="TestNgParallelClasses.ParallelTestExicutionClass2" name="TestCase6" time="0.003"/>
  <system-out/>
  <testcase classname="TestNgParallelClasses.ParallelTestExicutionClass2" name="TestCase7" time="0.003"/>
  <system-out/>
  <testcase classname="TestNgParallelClasses.ParallelTestExicutionClass2" name="TestCase8" time="0.002"/>
  <system-out/>
  <testcase classname="TestNgParallelClasses.ParallelTestExicutionClass2" name="TestCase5" time="0.020"/>
  <system-out/>
</testsuite> <!-- TestNgParallelClasses.ParallelTestExicutionClass2 -->
