<?xml version="1.0" encoding="UTF-8"?>
<!-- Generated by org.testng.reporters.JUnitReportReporter -->
<testsuite hostname="DESKTOP-NOODAFN" failures="0" tests="6" name="TestNgType.invocationCount" time="0.031" errors="0" timestamp="2022-03-16T11:02:30 IST" skipped="0">
  <testcase classname="TestNgType.invocationCount" name="case1" time="0.003"/>
  <system-out/>
  <testcase classname="TestNgType.invocationCount" name="case1" time="0.018"/>
  <system-out/>
  <testcase classname="TestNgType.invocationCount" name="case1" time="0.003"/>
  <system-out/>
  <testcase classname="TestNgType.invocationCount" name="case1" time="0.002"/>
  <system-out/>
  <testcase classname="TestNgType.invocationCount" name="case2" time="0.003"/>
  <system-out/>
  <testcase classname="TestNgType.invocationCount" name="case1" time="0.002"/>
  <system-out/>
</testsuite> <!-- TestNgType.invocationCount -->
