<?xml version="1.0" encoding="UTF-8"?>
<!-- Generated by org.testng.reporters.JUnitReportReporter -->
<testsuite hostname="DESKTOP-NOODAFN" failures="0" tests="5" name="TestNG.TestNG_Priority" time="0.029" errors="0" timestamp="2022-03-14T14:33:24 IST" skipped="0">
  <testcase classname="TestNG.TestNG_Priority" name="abcd" time="0.017"/>
  <system-out/>
  <testcase classname="TestNG.TestNG_Priority" name="xyz" time="0.003"/>
  <system-out/>
  <testcase classname="TestNG.TestNG_Priority" name="qrs" time="0.003"/>
  <system-out/>
  <testcase classname="TestNG.TestNG_Priority" name="pqr" time="0.004"/>
  <system-out/>
  <testcase classname="TestNG.TestNG_Priority" name="abc" time="0.002"/>
  <system-out/>
</testsuite> <!-- TestNG.TestNG_Priority -->
