<?xml version="1.0" encoding="UTF-8"?>
<!-- Generated by org.testng.reporters.JUnitReportReporter -->
<testsuite hostname="DESKTOP-NOODAFN" failures="0" tests="2" name="com.Test.Test_001" time="17.766" errors="0" timestamp="2022-03-23T16:39:56 IST" skipped="0">
  <testcase classname="com.Test.Test_001" name="verify_001" time="4.262"/>
  <system-out/>
  <testcase classname="com.Test.Test_001" name="verify_001" time="13.504"/>
  <system-out/>
</testsuite> <!-- com.Test.Test_001 -->
